<?xml version="1.0" encoding="UTF-8"?>
<testng-results ignored="0" total="9" passed="9" failed="0" skipped="0">
  <reporter-output>
  </reporter-output>
  <suite started-at="2021-05-08T15:38:02 IST" name="Default suite" finished-at="2021-05-08T15:39:15 IST" duration-ms="73105">
    <groups>
    </groups>
    <test started-at="2021-05-08T15:38:02 IST" name="Default test" finished-at="2021-05-08T15:39:15 IST" duration-ms="73105">
      <class name="cs353.basicBillTest">
        <test-method is-config="true" signature="setupDriver()[pri:0, instance:cs353.basicBillTest@27ae2fd0]" started-at="2021-05-08T15:38:02 IST" name="setupDriver" finished-at="2021-05-08T15:38:05 IST" duration-ms="2567" status="PASS">
          <reporter-output>
          </reporter-output>
        </test-method> <!-- setupDriver -->
        <test-method is-config="true" signature="setUp()[pri:0, instance:cs353.basicBillTest@27ae2fd0]" started-at="2021-05-08T15:38:05 IST" name="setUp" finished-at="2021-05-08T15:38:30 IST" duration-ms="24889" status="PASS">
          <reporter-output>
          </reporter-output>
        </test-method> <!-- setUp -->
        <test-method signature="invalidDataTests(java.lang.String, java.lang.String, java.lang.String)[pri:0, instance:cs353.basicBillTest@27ae2fd0]" started-at="2021-05-08T15:38:30 IST" name="invalidDataTests" data-provider="invalidExpenseData" finished-at="2021-05-08T15:38:30 IST" duration-ms="645" status="PASS">
          <params>
            <param index="0">
              <value>
                <![CDATA[hello]]>
              </value>
            </param>
            <param index="1">
              <value>
                <![CDATA[20/02/2017]]>
              </value>
            </param>
            <param index="2">
              <value>
                <![CDATA[Invalid]]>
              </value>
            </param>
          </params>
          <reporter-output>
          </reporter-output>
        </test-method> <!-- invalidDataTests -->
        <test-method is-config="true" signature="takeScreenShotOnFailure(org.testng.ITestResult)[pri:0, instance:cs353.basicBillTest@27ae2fd0]" started-at="2021-05-08T15:38:30 IST" name="takeScreenShotOnFailure" finished-at="2021-05-08T15:38:30 IST" duration-ms="2" status="PASS">
          <params>
            <param index="0">
              <value>
                <![CDATA[[TestResult name=invalidDataTests status=SUCCESS method=basicBillTest.invalidDataTests(java.lang.String, java.lang.String, java.lang.String)[pri:0, instance:cs353.basicBillTest@27ae2fd0] output={null}]]]>
              </value>
            </param>
          </params>
          <reporter-output>
          </reporter-output>
        </test-method> <!-- takeScreenShotOnFailure -->
        <test-method is-config="true" signature="setUp()[pri:0, instance:cs353.basicBillTest@27ae2fd0]" started-at="2021-05-08T15:38:30 IST" name="setUp" finished-at="2021-05-08T15:38:35 IST" duration-ms="4734" status="PASS">
          <reporter-output>
          </reporter-output>
        </test-method> <!-- setUp -->
        <test-method signature="invalidDataTests(java.lang.String, java.lang.String, java.lang.String)[pri:0, instance:cs353.basicBillTest@27ae2fd0]" started-at="2021-05-08T15:38:35 IST" name="invalidDataTests" data-provider="invalidExpenseData" finished-at="2021-05-08T15:38:36 IST" duration-ms="646" status="PASS">
          <params>
            <param index="0">
              <value>
                <![CDATA[270]]>
              </value>
            </param>
            <param index="1">
              <value>
                <![CDATA[textInput]]>
              </value>
            </param>
            <param index="2">
              <value>
                <![CDATA[Invalid]]>
              </value>
            </param>
          </params>
          <reporter-output>
          </reporter-output>
        </test-method> <!-- invalidDataTests -->
        <test-method is-config="true" signature="takeScreenShotOnFailure(org.testng.ITestResult)[pri:0, instance:cs353.basicBillTest@27ae2fd0]" started-at="2021-05-08T15:38:36 IST" name="takeScreenShotOnFailure" finished-at="2021-05-08T15:38:36 IST" duration-ms="1" status="PASS">
          <params>
            <param index="0">
              <value>
                <![CDATA[[TestResult name=invalidDataTests status=SUCCESS method=basicBillTest.invalidDataTests(java.lang.String, java.lang.String, java.lang.String)[pri:0, instance:cs353.basicBillTest@27ae2fd0] output={null}]]]>
              </value>
            </param>
          </params>
          <reporter-output>
          </reporter-output>
        </test-method> <!-- takeScreenShotOnFailure -->
        <test-method is-config="true" signature="setUp()[pri:0, instance:cs353.basicBillTest@27ae2fd0]" started-at="2021-05-08T15:38:36 IST" name="setUp" finished-at="2021-05-08T15:38:41 IST" duration-ms="5374" status="PASS">
          <reporter-output>
          </reporter-output>
        </test-method> <!-- setUp -->
        <test-method signature="validDataTests(java.lang.String, java.lang.String, java.lang.String)[pri:0, instance:cs353.basicBillTest@27ae2fd0]" started-at="2021-05-08T15:38:41 IST" name="validDataTests" data-provider="validExpenseData" finished-at="2021-05-08T15:38:42 IST" duration-ms="610" status="PASS">
          <params>
            <param index="0">
              <value>
                <![CDATA[10]]>
              </value>
            </param>
            <param index="1">
              <value>
                <![CDATA[08/04/2021]]>
              </value>
            </param>
            <param index="2">
              <value>
                <![CDATA[Valid]]>
              </value>
            </param>
          </params>
          <reporter-output>
          </reporter-output>
        </test-method> <!-- validDataTests -->
        <test-method is-config="true" signature="takeScreenShotOnFailure(org.testng.ITestResult)[pri:0, instance:cs353.basicBillTest@27ae2fd0]" started-at="2021-05-08T15:38:42 IST" name="takeScreenShotOnFailure" finished-at="2021-05-08T15:38:42 IST" duration-ms="1" status="PASS">
          <params>
            <param index="0">
              <value>
                <![CDATA[[TestResult name=validDataTests status=SUCCESS method=basicBillTest.validDataTests(java.lang.String, java.lang.String, java.lang.String)[pri:0, instance:cs353.basicBillTest@27ae2fd0] output={null}]]]>
              </value>
            </param>
          </params>
          <reporter-output>
          </reporter-output>
        </test-method> <!-- takeScreenShotOnFailure -->
        <test-method is-config="true" signature="setUp()[pri:0, instance:cs353.basicBillTest@27ae2fd0]" started-at="2021-05-08T15:38:42 IST" name="setUp" finished-at="2021-05-08T15:38:46 IST" duration-ms="4798" status="PASS">
          <reporter-output>
          </reporter-output>
        </test-method> <!-- setUp -->
        <test-method signature="validDataTests(java.lang.String, java.lang.String, java.lang.String)[pri:0, instance:cs353.basicBillTest@27ae2fd0]" started-at="2021-05-08T15:38:46 IST" name="validDataTests" data-provider="validExpenseData" finished-at="2021-05-08T15:38:47 IST" duration-ms="609" status="PASS">
          <params>
            <param index="0">
              <value>
                <![CDATA[110]]>
              </value>
            </param>
            <param index="1">
              <value>
                <![CDATA[07/04/2021]]>
              </value>
            </param>
            <param index="2">
              <value>
                <![CDATA[Valid]]>
              </value>
            </param>
          </params>
          <reporter-output>
          </reporter-output>
        </test-method> <!-- validDataTests -->
        <test-method is-config="true" signature="setUp()[pri:0, instance:cs353.basicBillTest@27ae2fd0]" started-at="2021-05-08T15:38:47 IST" name="setUp" finished-at="2021-05-08T15:38:52 IST" duration-ms="4852" status="PASS">
          <reporter-output>
          </reporter-output>
        </test-method> <!-- setUp -->
        <test-method is-config="true" signature="takeScreenShotOnFailure(org.testng.ITestResult)[pri:0, instance:cs353.basicBillTest@27ae2fd0]" started-at="2021-05-08T15:38:47 IST" name="takeScreenShotOnFailure" finished-at="2021-05-08T15:38:47 IST" duration-ms="0" status="PASS">
          <params>
            <param index="0">
              <value>
                <![CDATA[[TestResult name=validDataTests status=SUCCESS method=basicBillTest.validDataTests(java.lang.String, java.lang.String, java.lang.String)[pri:0, instance:cs353.basicBillTest@27ae2fd0] output={null}]]]>
              </value>
            </param>
          </params>
          <reporter-output>
          </reporter-output>
        </test-method> <!-- takeScreenShotOnFailure -->
        <test-method signature="validDataTests(java.lang.String, java.lang.String, java.lang.String)[pri:0, instance:cs353.basicBillTest@27ae2fd0]" started-at="2021-05-08T15:38:52 IST" name="validDataTests" data-provider="validExpenseData" finished-at="2021-05-08T15:38:53 IST" duration-ms="637" status="PASS">
          <params>
            <param index="0">
              <value>
                <![CDATA[55]]>
              </value>
            </param>
            <param index="1">
              <value>
                <![CDATA[06/03/2021]]>
              </value>
            </param>
            <param index="2">
              <value>
                <![CDATA[Valid]]>
              </value>
            </param>
          </params>
          <reporter-output>
          </reporter-output>
        </test-method> <!-- validDataTests -->
        <test-method is-config="true" signature="takeScreenShotOnFailure(org.testng.ITestResult)[pri:0, instance:cs353.basicBillTest@27ae2fd0]" started-at="2021-05-08T15:38:53 IST" name="takeScreenShotOnFailure" finished-at="2021-05-08T15:38:53 IST" duration-ms="1" status="PASS">
          <params>
            <param index="0">
              <value>
                <![CDATA[[TestResult name=validDataTests status=SUCCESS method=basicBillTest.validDataTests(java.lang.String, java.lang.String, java.lang.String)[pri:0, instance:cs353.basicBillTest@27ae2fd0] output={null}]]]>
              </value>
            </param>
          </params>
          <reporter-output>
          </reporter-output>
        </test-method> <!-- takeScreenShotOnFailure -->
        <test-method is-config="true" signature="setUp()[pri:0, instance:cs353.basicBillTest@27ae2fd0]" started-at="2021-05-08T15:38:53 IST" name="setUp" finished-at="2021-05-08T15:38:57 IST" duration-ms="4612" status="PASS">
          <reporter-output>
          </reporter-output>
        </test-method> <!-- setUp -->
        <test-method signature="validDataTests(java.lang.String, java.lang.String, java.lang.String)[pri:0, instance:cs353.basicBillTest@27ae2fd0]" started-at="2021-05-08T15:38:57 IST" name="validDataTests" data-provider="validExpenseData" finished-at="2021-05-08T15:38:58 IST" duration-ms="610" status="PASS">
          <params>
            <param index="0">
              <value>
                <![CDATA[]]>
              </value>
            </param>
            <param index="1">
              <value>
                <![CDATA[06/03/2021]]>
              </value>
            </param>
            <param index="2">
              <value>
                <![CDATA[Invalid]]>
              </value>
            </param>
          </params>
          <reporter-output>
          </reporter-output>
        </test-method> <!-- validDataTests -->
        <test-method is-config="true" signature="takeScreenShotOnFailure(org.testng.ITestResult)[pri:0, instance:cs353.basicBillTest@27ae2fd0]" started-at="2021-05-08T15:38:58 IST" name="takeScreenShotOnFailure" finished-at="2021-05-08T15:38:58 IST" duration-ms="1" status="PASS">
          <params>
            <param index="0">
              <value>
                <![CDATA[[TestResult name=validDataTests status=SUCCESS method=basicBillTest.validDataTests(java.lang.String, java.lang.String, java.lang.String)[pri:0, instance:cs353.basicBillTest@27ae2fd0] output={null}]]]>
              </value>
            </param>
          </params>
          <reporter-output>
          </reporter-output>
        </test-method> <!-- takeScreenShotOnFailure -->
        <test-method is-config="true" signature="setUp()[pri:0, instance:cs353.basicBillTest@27ae2fd0]" started-at="2021-05-08T15:38:58 IST" name="setUp" finished-at="2021-05-08T15:39:02 IST" duration-ms="4713" status="PASS">
          <reporter-output>
          </reporter-output>
        </test-method> <!-- setUp -->
        <test-method signature="validDataTests(java.lang.String, java.lang.String, java.lang.String)[pri:0, instance:cs353.basicBillTest@27ae2fd0]" started-at="2021-05-08T15:39:02 IST" name="validDataTests" data-provider="validExpenseData" finished-at="2021-05-08T15:39:03 IST" duration-ms="608" status="PASS">
          <params>
            <param index="0">
              <value>
                <![CDATA[100]]>
              </value>
            </param>
            <param index="1">
              <value>
                <![CDATA[12/12/2022]]>
              </value>
            </param>
            <param index="2">
              <value>
                <![CDATA[Invalid]]>
              </value>
            </param>
          </params>
          <reporter-output>
          </reporter-output>
        </test-method> <!-- validDataTests -->
        <test-method is-config="true" signature="takeScreenShotOnFailure(org.testng.ITestResult)[pri:0, instance:cs353.basicBillTest@27ae2fd0]" started-at="2021-05-08T15:39:03 IST" name="takeScreenShotOnFailure" finished-at="2021-05-08T15:39:03 IST" duration-ms="0" status="PASS">
          <params>
            <param index="0">
              <value>
                <![CDATA[[TestResult name=validDataTests status=SUCCESS method=basicBillTest.validDataTests(java.lang.String, java.lang.String, java.lang.String)[pri:0, instance:cs353.basicBillTest@27ae2fd0] output={null}]]]>
              </value>
            </param>
          </params>
          <reporter-output>
          </reporter-output>
        </test-method> <!-- takeScreenShotOnFailure -->
        <test-method is-config="true" signature="setUp()[pri:0, instance:cs353.basicBillTest@27ae2fd0]" started-at="2021-05-08T15:39:03 IST" name="setUp" finished-at="2021-05-08T15:39:08 IST" duration-ms="5209" status="PASS">
          <reporter-output>
          </reporter-output>
        </test-method> <!-- setUp -->
        <test-method signature="validDataTests(java.lang.String, java.lang.String, java.lang.String)[pri:0, instance:cs353.basicBillTest@27ae2fd0]" started-at="2021-05-08T15:39:08 IST" name="validDataTests" data-provider="validExpenseData" finished-at="2021-05-08T15:39:09 IST" duration-ms="608" status="PASS">
          <params>
            <param index="0">
              <value>
                <![CDATA[-100]]>
              </value>
            </param>
            <param index="1">
              <value>
                <![CDATA[01/01/2021]]>
              </value>
            </param>
            <param index="2">
              <value>
                <![CDATA[Invalid]]>
              </value>
            </param>
          </params>
          <reporter-output>
          </reporter-output>
        </test-method> <!-- validDataTests -->
        <test-method is-config="true" signature="takeScreenShotOnFailure(org.testng.ITestResult)[pri:0, instance:cs353.basicBillTest@27ae2fd0]" started-at="2021-05-08T15:39:09 IST" name="takeScreenShotOnFailure" finished-at="2021-05-08T15:39:09 IST" duration-ms="1" status="PASS">
          <params>
            <param index="0">
              <value>
                <![CDATA[[TestResult name=validDataTests status=SUCCESS method=basicBillTest.validDataTests(java.lang.String, java.lang.String, java.lang.String)[pri:0, instance:cs353.basicBillTest@27ae2fd0] output={null}]]]>
              </value>
            </param>
          </params>
          <reporter-output>
          </reporter-output>
        </test-method> <!-- takeScreenShotOnFailure -->
        <test-method is-config="true" signature="setUp()[pri:0, instance:cs353.basicBillTest@27ae2fd0]" started-at="2021-05-08T15:39:09 IST" name="setUp" finished-at="2021-05-08T15:39:14 IST" duration-ms="4703" status="PASS">
          <reporter-output>
          </reporter-output>
        </test-method> <!-- setUp -->
        <test-method signature="validDataTests(java.lang.String, java.lang.String, java.lang.String)[pri:0, instance:cs353.basicBillTest@27ae2fd0]" started-at="2021-05-08T15:39:14 IST" name="validDataTests" data-provider="validExpenseData" finished-at="2021-05-08T15:39:14 IST" duration-ms="614" status="PASS">
          <params>
            <param index="0">
              <value>
                <![CDATA[100]]>
              </value>
            </param>
            <param index="1">
              <value>
                <![CDATA[]]>
              </value>
            </param>
            <param index="2">
              <value>
                <![CDATA[Invalid]]>
              </value>
            </param>
          </params>
          <reporter-output>
          </reporter-output>
        </test-method> <!-- validDataTests -->
        <test-method is-config="true" signature="takeScreenShotOnFailure(org.testng.ITestResult)[pri:0, instance:cs353.basicBillTest@27ae2fd0]" started-at="2021-05-08T15:39:14 IST" name="takeScreenShotOnFailure" finished-at="2021-05-08T15:39:14 IST" duration-ms="1" status="PASS">
          <params>
            <param index="0">
              <value>
                <![CDATA[[TestResult name=validDataTests status=SUCCESS method=basicBillTest.validDataTests(java.lang.String, java.lang.String, java.lang.String)[pri:0, instance:cs353.basicBillTest@27ae2fd0] output={null}]]]>
              </value>
            </param>
          </params>
          <reporter-output>
          </reporter-output>
        </test-method> <!-- takeScreenShotOnFailure -->
        <test-method is-config="true" signature="shutdown()[pri:0, instance:cs353.basicBillTest@27ae2fd0]" started-at="2021-05-08T15:39:14 IST" name="shutdown" finished-at="2021-05-08T15:39:15 IST" duration-ms="983" status="PASS">
          <reporter-output>
          </reporter-output>
        </test-method> <!-- shutdown -->
      </class> <!-- cs353.basicBillTest -->
    </test> <!-- Default test -->
  </suite> <!-- Default suite -->
</testng-results>
