<?xml version="1.0" encoding="UTF-8"?>
<!-- Generated by org.testng.reporters.JUnitXMLReporter -->
<testsuite ignored="0" hostname="DESKTOP-CNGHAK3" failures="0" tests="9" name="Default test" time="73.105" errors="0" timestamp="2021-05-08T15:39:15 IST">
  <testcase classname="cs353.basicBillTest" name="invalidDataTests" time="0.645"/>
  <testcase classname="cs353.basicBillTest" name="invalidDataTests" time="0.646"/>
  <testcase classname="cs353.basicBillTest" name="validDataTests" time="0.61"/>
  <testcase classname="cs353.basicBillTest" name="validDataTests" time="0.609"/>
  <testcase classname="cs353.basicBillTest" name="validDataTests" time="0.637"/>
  <testcase classname="cs353.basicBillTest" name="validDataTests" time="0.61"/>
  <testcase classname="cs353.basicBillTest" name="validDataTests" time="0.608"/>
  <testcase classname="cs353.basicBillTest" name="validDataTests" time="0.608"/>
  <testcase classname="cs353.basicBillTest" name="validDataTests" time="0.614"/>
</testsuite> <!-- Default test -->
